<?xml version="1.0" encoding="UTF-8"?>
<!-- Generated by org.testng.reporters.JUnitReportReporter -->
<testsuite hostname="ML-AmarendraG-PC" name="com.rettach.scripts.Searchfile" tests="1" failures="0" timestamp="28 Jan 2016 10:05:58 GMT" time="13.529" errors="0">
  <testcase name="start" time="13.529" classname="com.rettach.scripts.Searchfile"/>
</testsuite> <!-- com.rettach.scripts.Searchfile -->
